ISim log file
Running: C:\Users\yport\Documents\VIBOT\S3\UE3 - RTIC\RTIC - Dubois\2DRealTimeFiltering\smoot_filter_tb\lowpass_tb_isim_beh.exe -intstyle ise -gui -tclbatch isim.cmd -wdb C:/Users/yport/Documents/VIBOT/S3/UE3 - RTIC/RTIC - Dubois/2DRealTimeFiltering/smoot_filter_tb/lowpass_tb_isim_beh.wdb 
ISim P.20131013 (signature 0x7708f090)
WARNING: A WEBPACK license was found.
WARNING: Please use Xilinx License Configuration Manager to check out a full ISim license.
WARNING: ISim will run in Lite mode. Please refer to the ISim documentation for more information on the differences between the Lite and the Full version.
This is a Lite version of ISim.
Time resolution is 1 ps
# onerror resume
# wave add /
# run 1000 ns
Simulator is doing circuit initialization process.
at 0 ps, Instance /lowpass_tb/uut/filter/ : Warning: There is an 'U'|'X'|'W'|'Z'|'-' in an arithmetic operand, the result will be 'X'(es).
at 0 ps, Instance /lowpass_tb/lp_filter/filter/ : Warning: There is an 'U'|'X'|'W'|'Z'|'-' in an arithmetic operand, the result will be 'X'(es).
Finished circuit initialization process.
at 5 ns(1), Instance /lowpass_tb/uut/filter/ : Warning: There is an 'U'|'X'|'W'|'Z'|'-' in an arithmetic operand, the result will be 'X'(es).
at 5 ns(1), Instance /lowpass_tb/uut/filter/ : Warning: There is an 'U'|'X'|'W'|'Z'|'-' in an arithmetic operand, the result will be 'X'(es).
at 5 ns(1), Instance /lowpass_tb/lp_filter/filter/ : Warning: There is an 'U'|'X'|'W'|'Z'|'-' in an arithmetic operand, the result will be 'X'(es).
at 5 ns(2), Instance /lowpass_tb/uut/filter/ : Warning: There is an 'U'|'X'|'W'|'Z'|'-' in an arithmetic operand, the result will be 'X'(es).
at 5 ns(2), Instance /lowpass_tb/lp_filter/filter/ : Warning: There is an 'U'|'X'|'W'|'Z'|'-' in an arithmetic operand, the result will be 'X'(es).
at 15 ns(1), Instance /lowpass_tb/uut/filter/ : Warning: There is an 'U'|'X'|'W'|'Z'|'-' in an arithmetic operand, the result will be 'X'(es).
at 15 ns(1), Instance /lowpass_tb/lp_filter/filter/ : Warning: There is an 'U'|'X'|'W'|'Z'|'-' in an arithmetic operand, the result will be 'X'(es).
at 25 ns(1), Instance /lowpass_tb/uut/filter/ : Warning: There is an 'U'|'X'|'W'|'Z'|'-' in an arithmetic operand, the result will be 'X'(es).
at 25 ns(1), Instance /lowpass_tb/lp_filter/filter/ : Warning: There is an 'U'|'X'|'W'|'Z'|'-' in an arithmetic operand, the result will be 'X'(es).
at 35 ns(1), Instance /lowpass_tb/uut/filter/ : Warning: There is an 'U'|'X'|'W'|'Z'|'-' in an arithmetic operand, the result will be 'X'(es).
at 35 ns(1), Instance /lowpass_tb/lp_filter/filter/ : Warning: There is an 'U'|'X'|'W'|'Z'|'-' in an arithmetic operand, the result will be 'X'(es).
at 45 ns(1), Instance /lowpass_tb/uut/filter/ : Warning: There is an 'U'|'X'|'W'|'Z'|'-' in an arithmetic operand, the result will be 'X'(es).
at 45 ns(1), Instance /lowpass_tb/lp_filter/filter/ : Warning: There is an 'U'|'X'|'W'|'Z'|'-' in an arithmetic operand, the result will be 'X'(es).
at 55 ns(1), Instance /lowpass_tb/uut/filter/ : Warning: There is an 'U'|'X'|'W'|'Z'|'-' in an arithmetic operand, the result will be 'X'(es).
at 55 ns(1), Instance /lowpass_tb/lp_filter/filter/ : Warning: There is an 'U'|'X'|'W'|'Z'|'-' in an arithmetic operand, the result will be 'X'(es).
# run all
Stopped at time : 352315 ns : File "C:/Users/yport/Documents/VIBOT/S3/UE3 - RTIC/RTIC - Dubois/2DRealTimeFiltering/smoot_filter_tb/lowpass_processing.vhd" Line 151
